<?xml version="1.0" encoding="UTF-8"?>
<testng-results skipped="0" failed="0" ignored="0" total="2" passed="2">
  <reporter-output>
  </reporter-output>
  <suite name="Suite" duration-ms="139944" started-at="2019-10-31T08:45:57 IST" finished-at="2019-10-31T08:48:17 IST">
    <groups>
    </groups>
    <test name="Test" duration-ms="139944" started-at="2019-10-31T08:45:57 IST" finished-at="2019-10-31T08:48:17 IST">
      <class name="com.wallethub.testcases.Assignment1">
        <test-method status="PASS" signature="setUp()[pri:0, instance:com.wallethub.testcases.Assignment1@47ef968d]" name="setUp" is-config="true" duration-ms="24459" started-at="2019-10-31T08:45:57 IST" finished-at="2019-10-31T08:46:22 IST">
          <reporter-output>
          </reporter-output>
        </test-method> <!-- setUp -->
        <test-method status="PASS" signature="login()[pri:0, instance:com.wallethub.testcases.Assignment1@47ef968d]" name="login" duration-ms="34796" started-at="2019-10-31T08:46:22 IST" finished-at="2019-10-31T08:46:57 IST">
          <reporter-output>
          </reporter-output>
        </test-method> <!-- login -->
        <test-method status="PASS" signature="quit()[pri:0, instance:com.wallethub.testcases.Assignment1@47ef968d]" name="quit" is-config="true" duration-ms="6072" started-at="2019-10-31T08:46:57 IST" finished-at="2019-10-31T08:47:03 IST">
          <reporter-output>
          </reporter-output>
        </test-method> <!-- quit -->
      </class> <!-- com.wallethub.testcases.Assignment1 -->
      <class name="com.wallethub.testcases.Assignment2">
        <test-method status="PASS" signature="setUp()[pri:0, instance:com.wallethub.testcases.Assignment2@23e028a9]" name="setUp" is-config="true" duration-ms="20221" started-at="2019-10-31T08:47:03 IST" finished-at="2019-10-31T08:47:23 IST">
          <reporter-output>
          </reporter-output>
        </test-method> <!-- setUp -->
        <test-method status="PASS" signature="login()[pri:0, instance:com.wallethub.testcases.Assignment2@23e028a9]" name="login" duration-ms="48441" started-at="2019-10-31T08:47:23 IST" finished-at="2019-10-31T08:48:11 IST">
          <reporter-output>
          </reporter-output>
        </test-method> <!-- login -->
        <test-method status="PASS" signature="quit()[pri:0, instance:com.wallethub.testcases.Assignment2@23e028a9]" name="quit" is-config="true" duration-ms="5873" started-at="2019-10-31T08:48:11 IST" finished-at="2019-10-31T08:48:17 IST">
          <reporter-output>
          </reporter-output>
        </test-method> <!-- quit -->
      </class> <!-- com.wallethub.testcases.Assignment2 -->
    </test> <!-- Test -->
  </suite> <!-- Suite -->
</testng-results>
